..\build.out\Win32\Debug\cppDLL.ilk
..\build.out\Win32\Debug\cppDLL.pdb
F:\DEV\TESTCSHARP\BUILD.OUT\WIN32\DEBUG\CPPDLL.DLL
F:\dev\testcsharp\build.out\Win32\Debug\cppDLL.exp
F:\DEV\TESTCSHARP\BUILD.OUT\WIN32\DEBUG\CPPDLL.ILK
F:\dev\testcsharp\build.out\Win32\Debug\cppDLL.lib
F:\DEV\TESTCSHARP\BUILD.OUT\WIN32\DEBUG\CPPDLL.PDB
F:\dev\testcsharp\cppDLL\..\build.out\Win32\Debug\cppDLL.dll
F:\dev\testcsharp\cppDLL\Debug\cl.command.1.tlog
F:\dev\testcsharp\cppDLL\Debug\CL.read.1.tlog
F:\dev\testcsharp\cppDLL\Debug\CL.write.1.tlog
F:\DEV\TESTCSHARP\CPPDLL\DEBUG\CPPDLL.DLL.EMBED.MANIFEST
F:\DEV\TESTCSHARP\CPPDLL\DEBUG\CPPDLL.DLL.EMBED.MANIFEST.RES
F:\DEV\TESTCSHARP\CPPDLL\DEBUG\CPPDLL.DLL.INTERMEDIATE.MANIFEST
F:\DEV\TESTCSHARP\CPPDLL\DEBUG\CPPDLL.OBJ
F:\DEV\TESTCSHARP\CPPDLL\DEBUG\CPPDLL.PCH
F:\dev\testcsharp\cppDLL\Debug\cppDLL.write.1.tlog
F:\dev\testcsharp\cppDLL\Debug\cppDLL_manifest.rc
F:\DEV\TESTCSHARP\CPPDLL\DEBUG\DLLMAIN.OBJ
F:\dev\testcsharp\cppDLL\Debug\link.7528.read.1.tlog
F:\dev\testcsharp\cppDLL\Debug\link.7528.write.1.tlog
F:\dev\testcsharp\cppDLL\Debug\link.7528-cvtres.read.1.tlog
F:\dev\testcsharp\cppDLL\Debug\link.7528-cvtres.write.1.tlog
F:\dev\testcsharp\cppDLL\Debug\link.8040.read.1.tlog
F:\dev\testcsharp\cppDLL\Debug\link.8040.write.1.tlog
F:\dev\testcsharp\cppDLL\Debug\link.8040-cvtres.read.1.tlog
F:\dev\testcsharp\cppDLL\Debug\link.8040-cvtres.write.1.tlog
F:\dev\testcsharp\cppDLL\Debug\link.command.1.tlog
F:\dev\testcsharp\cppDLL\Debug\link.read.1.tlog
F:\dev\testcsharp\cppDLL\Debug\link.write.1.tlog
F:\dev\testcsharp\cppDLL\Debug\link-cvtres.read.1.tlog
F:\dev\testcsharp\cppDLL\Debug\link-cvtres.write.1.tlog
F:\dev\testcsharp\cppDLL\Debug\mt.command.1.tlog
F:\dev\testcsharp\cppDLL\Debug\mt.read.1.tlog
F:\dev\testcsharp\cppDLL\Debug\mt.write.1.tlog
F:\dev\testcsharp\cppDLL\Debug\rc.command.1.tlog
F:\dev\testcsharp\cppDLL\Debug\rc.read.1.tlog
F:\dev\testcsharp\cppDLL\Debug\rc.write.1.tlog
F:\DEV\TESTCSHARP\CPPDLL\DEBUG\STDAFX.OBJ
F:\dev\testcsharp\cppDLL\Debug\vc100.idb
F:\DEV\TESTCSHARP\CPPDLL\DEBUG\VC100.PDB
